<?xml version="1.0" encoding="UTF-8"?>
<!-- Generated by org.testng.reporters.JUnitReportReporter -->
<testsuite hostname="Mohits-MacBook-Air.local" failures="0" tests="1" name="com.crm.testCases.HomePageTest" time="43.727" errors="0" timestamp="2021-05-11T13:27:04 IST" skipped="0">
  <testcase classname="com.crm.testCases.HomePageTest" name="mouseOverCalendar" time="43.727"/>
  <system-out/>
</testsuite> <!-- com.crm.testCases.HomePageTest -->
