<?xml version="1.0" encoding="UTF-8"?>
<!-- Generated by org.testng.reporters.JUnitReportReporter -->
<testsuite hostname="Mohits-MacBook-Air.local" failures="0" tests="1" name="com.crm.testCases.LoginPageTest" time="61.148" errors="0" timestamp="2021-05-11T15:14:08 IST" skipped="0">
  <testcase classname="com.crm.testCases.LoginPageTest" name="contactButton" time="61.148"/>
  <system-out/>
</testsuite> <!-- com.crm.testCases.LoginPageTest -->
