<?xml version="1.0" encoding="UTF-8"?>
<!-- Generated by org.testng.reporters.JUnitReportReporter -->
<testsuite hostname="Mohits-MacBook-Air.local" failures="0" tests="10" name="com.crm.testCases.LoginPageTest" time="45.554" errors="0" timestamp="2021-07-17T07:06:08 IST" skipped="8">
  <testcase classname="com.crm.testCases.LoginPageTest" name="successfulLoginTest" time="37.394"/>
  <system-out/>
  <testcase classname="com.crm.testCases.LoginPageTest" name="loginPageTitleTest" time="8.160"/>
  <system-out/>
  <testcase classname="com.crm.testCases.LoginPageTest" name="pricingButton">
    <skipped/>
  </testcase> <!-- pricingButton -->
  <system-out/>
  <testcase classname="com.crm.testCases.LoginPageTest" name="signUpButton">
    <skipped/>
  </testcase> <!-- signUpButton -->
  <system-out/>
  <testcase classname="com.crm.testCases.LoginPageTest" name="contactButton">
    <skipped/>
  </testcase> <!-- contactButton -->
  <system-out/>
  <testcase classname="com.crm.testCases.LoginPageTest" name="featuresButton">
    <skipped/>
  </testcase> <!-- featuresButton -->
  <system-out/>
  <testcase classname="com.crm.testCases.LoginPageTest" name="loginIncorrectDetailsTest">
    <skipped/>
  </testcase> <!-- loginIncorrectDetailsTest -->
  <system-out/>
  <testcase classname="com.crm.testCases.LoginPageTest" name="customersButton">
    <skipped/>
  </testcase> <!-- customersButton -->
  <system-out/>
  <testcase classname="com.crm.testCases.LoginPageTest" name="brokenLinksLoginPage">
    <skipped/>
  </testcase> <!-- brokenLinksLoginPage -->
  <system-out/>
  <testcase classname="com.crm.testCases.LoginPageTest" name="homeButton">
    <skipped/>
  </testcase> <!-- homeButton -->
  <system-out/>
</testsuite> <!-- com.crm.testCases.LoginPageTest -->
