<?xml version="1.0" encoding="UTF-8"?>
<!-- Generated by org.testng.reporters.JUnitReportReporter -->
<testsuite hostname="Mohits-Air" failures="0" tests="1" name="com.crm.testCases.HomePageTest" time="211.123" errors="0" timestamp="2021-06-06T18:27:02 IST" skipped="0">
  <testcase classname="com.crm.testCases.HomePageTest" name="brokenLinksHomePage" time="211.123"/>
  <system-out/>
</testsuite> <!-- com.crm.testCases.HomePageTest -->
