<?xml version="1.0" encoding="UTF-8"?>
<!-- Generated by org.testng.reporters.JUnitReportReporter -->
<testsuite hostname="Mohits-MacBook-Air.local" failures="0" tests="1" name="com.crm.testCases.NewDealTest" time="0.120" errors="0" timestamp="2021-07-17T10:39:49 IST" skipped="0">
  <testcase classname="com.crm.testCases.NewDealTest" name="addNewDeal" time="0.120"/>
  <system-out/>
</testsuite> <!-- com.crm.testCases.NewDealTest -->
